8086/87/88/186 MACRO ASSEMBLER    TIMER                                                    17:52:23  11/29/;3  PAGE    1


DOS 5.0 (038-N) 8086/87/88/186 MACRO ASSEMBLER V3.1 ASSEMBLY OF MODULE TIMER
OBJECT MODULE PLACED IN TIMER.OBJ
ASSEMBLER INVOKED BY:  C:\UTIL\ASM86.EXE TIMER.ASM M1 EP DB


LOC  OBJ                  LINE     SOURCE

                             1         NAME    TIMER
                             2     
                             3     ;;;;;;;;;;;;;;;;;;;;;;;;;;;;;;;;;;;;;;;;;;;;;;;;;;;;;;;;;;;;;;;;;;;;;;;;;;;;;;
                             4     ;                                                                            ;
                             5     ;                                    TIMER                                   ;
                             6     ;               Timer Initialization and Interrupt Setup Functions           ;
                             7     ;                                   EE/CS 51                                 ;
                             8     ;                                 Archan Luhar                               ;
                             9     ;                                 TA: Joe Greef                              ;
                            10     ;                                                                            ;
                            11     ;;;;;;;;;;;;;;;;;;;;;;;;;;;;;;;;;;;;;;;;;;;;;;;;;;;;;;;;;;;;;;;;;;;;;;;;;;;;;;
                            12     
                            13     ; This file contains functions to initialize the timers and their event
                            14     ; handlers.
                            15     ;
                            16     ; The included public functions are:
                            17     ;   - SetDisplayTimerEventHandler/InstallTimer2EventHandler
                            18     ;           Installs the event handler for timer 2 into the vector table.
                            19     ;   - SetDisplayTimerInterrupt/InitTimer
                            20     ;           Initializes the timers and their interrupts
                            21     ; The included private functions are:
                            22     ;   - Timer2EventHandler
                            23     ;           Calls all necessary external event handlers that rely on timer 2
                            24     ;
                            25     ;
                            26     ; Revision History:
                            27     ;       11/12/2013      Archan Luhar    Adopted Glen George's timer code
                            28     ;                                       for the display assignment.
                            29     ;       11/18/2013      Archan Luhar    Cleaned up formatting and commenting.
                            30     
                            31     ; Local include files
                            32 +1  $INCLUDE(timer.inc)     ; Contains various addresses and values related to
                      =1    33     ; Timer Interrupt Vector
  0013                =1    34     Tmr2Vec         EQU     19              ; Timer 2
                      =1    35     
                      =1    36     
                      =1    37     ; Interrupt Controller Addresses
  FF32                =1    38     INTCtrlrCtrl    EQU     0FF32H          ; Timer interrupt controller
  FF22                =1    39     INTCtrlrEOI     EQU     0FF22H          ; Interrupt controller EOI register
                      =1    40     
                      =1    41     ; Interrupt Controller Register Values
  0001                =1    42     INTCtrlrCVal    EQU     00001H          ;0000 0000 0000 ----  reserved
                      =1    43                                             ;---- ---- ---- 0---  enable interrupt
                      =1    44                                             ;---- ---- ---- -001  timer priority
                      =1    45     
  0008                =1    46     TimerEOI        EQU     00008H          ; Timer EOI command for all timers
                      =1    47     
                      =1    48     
                      =1    49     ; Timer Addresses
  FF66                =1    50     Tmr2Ctrl        EQU     0FF66H          ; Timer 2 Control Register
8086/87/88/186 MACRO ASSEMBLER    TIMER                                                    17:52:23  11/29/;3  PAGE    2


LOC  OBJ                  LINE     SOURCE

  FF62                =1    51     Tmr2MaxCnt      EQU     0FF62H          ; Timer 2 Max Count A Register
  FF60                =1    52     Tmr2Count       EQU     0FF60H          ; Timer 2 Count Register
                      =1    53     
                      =1    54     ; Timer Control Register Value
  E001                =1    55     Tmr2CtrlVal     EQU     0E001H          ;1--- ---- ---- ----  enable timer
                      =1    56                                             ;-1-- ---- ---- ----  write to control
                      =1    57                                             ;--1- ---- ---- ----  enable interrupts
                      =1    58                                             ;---- 0000 00-0 000-  reserved
                      =1    59                                             ;---0 ---- --0- ----  read only
                      =1    60                                             ;---- ---- ---- ---1  continuous mode
                      =1    61     
                      =1    62     
                      =1    63     ; Timing Definitions
  0900                =1    64     COUNTS_PER_MS   EQU     2304            ; Number of timer counts per 1 ms
                      =1    65                                             ; (assumes 18.432 MHz clock)
                            66                             ; interrupt and timer behavior
                            67     
                            68     
                            69     CGROUP  GROUP   CODE
----                        70     CODE    SEGMENT PUBLIC 'CODE'
                            71             ASSUME  CS:CGROUP
                            72     
                            73     ; External references
                            74     ; All non-meta timer event handlers should be listed here
                            75         EXTRN   DisplayTimerEventHandler:NEAR
                            76         EXTRN   SwitchesTimerEventHandler:NEAR
                            77     
                            78     
                            79     ; InitTimer
                            80     ;
                            81     ; Description:      Calls functions that initialize timers and their event
                            82     ;                   handlers. MUST call this to use display and keypad routines.
                            83     ;
                            84     ; Operation:        Calls the event handler installer and interrupt setter.
                            85     ;
                            86     ; Arguments:        None.
                            87     ; Return Value:     None.
                            88     ;
                            89     ; Local Variables:  None.
                            90     ; Shared Variables: None.
                            91     ; Global Variables: None.
                            92     ;
                            93     ; Input:            None.
                            94     ; Output:           None.
                            95     ;
                            96     ; Error Handling:   None.
                            97     ;
                            98     ; Algorithms:       None.
                            99     ; Data Structures:  None.
                           100     ;
                           101     ; Registers Used:   None.
                           102     ; Stack Depth:      1 NEAR call.
                           103     ;
                           104     ; Author:           Archan Luhar
                           105     ; Last Modified:    Nov. 20, 2013
8086/87/88/186 MACRO ASSEMBLER    TIMER                                                    17:52:23  11/29/;3  PAGE    3


LOC  OBJ                  LINE     SOURCE

0000                       106     InitTimer                   PROC    NEAR
                           107                                 PUBLIC  InitTimer
                           108     
0000 E80400                109         CALL InstallTimerEventHandlers
0003 E82A00                110         CALL SetTimerInterrupts
                           111         
0006 C3                    112         RET
                           113     
                           114     InitTimer                   ENDP
                           115     
                           116     
                           117     
                           118     ; InstallTimerEventHandlers
                           119     ;
                           120     ; IMPORTANT NOTE:   CURRENLTY ONLY TIMER 2.
                           121     ;
                           122     ; Description:      Installs the timer interrupt event handlers into the
                           123     ;                   interrupt vector table.
                           124     ;
                           125     ; Operation:        Writes the segment and and offset of the handler to the
                           126     ;                   appropriate slot in the interrupt vector table.
                           127     ;
                           128     ; Arguments:        None.
                           129     ; Return Value:     None.
                           130     ;
                           131     ; Local Variables:  None.
                           132     ; Shared Variables: None.
                           133     ; Global Variables: None.
                           134     ;
                           135     ; Input:            None.
                           136     ; Output:           None.
                           137     ;
                           138     ; Error Handling:   None.
                           139     ;
                           140     ; Algorithms:       None.
                           141     ; Data Structures:  None.
                           142     ;
                           143     ; Registers Used:   None.
                           144     ; Stack Depth:      2 words.
                           145     ;
                           146     ; Author:           Glen George, Archan Luhar
                           147     ; Last Modified:    Nov. 18, 2013
                           148     
0007                       149     InstallTimerEventHandlers   PROC    NEAR
                           150                                 PUBLIC  InstallTimerEventHandlers
                           151     
0007 50                    152         PUSH AX                     ; Save Registers
0008 06                    153         PUSH ES
                           154     
0009 33C0                  155         XOR     AX, AX              ; Clear ES (interrupt vectors are in segment 0)
000B 8EC0                  156         MOV     ES, AX
                           157                                     ; Write the vector
000D 26C7064C001E00 R      158         MOV     ES: WORD PTR (4 * Tmr2Vec), OFFSET(Timer2EventHandler)
0014 26C7064E00---- R      159         MOV     ES: WORD PTR (4 * Tmr2Vec + 2), SEG(Timer2EventHandler)
                           160     
8086/87/88/186 MACRO ASSEMBLER    TIMER                                                    17:52:23  11/29/;3  PAGE    4


LOC  OBJ                  LINE     SOURCE

001B 07                    161         POP ES
001C 58                    162         POP AX
001D C3                    163         RET
                           164     
                           165     InstallTimerEventHandlers   ENDP
                           166     
                           167     
                           168     ; Timer2EventHandler
                           169     ;
                           170     ; Description:      Handles the timer 2 interrupts. Calls all functions that
                           171     ;                   rely on timer 2 events.
                           172     ;
                           173     ; Operation:        Calls the display timer event handler.
                           174     ;                   Calls the switches timer event handler.
                           175     ;                   Sends a timer EOI to the interrupt control register.
                           176     ;                   Then returns using IRET.
                           177     ;
                           178     ; Arguments:        None.
                           179     ; Return Value:     None.
                           180     ;
                           181     ; Local Variables:  None.
                           182     ; Shared Variables: None.
                           183     ; Global Variables: None.
                           184     ;
                           185     ; Input:            None.
                           186     ; Output:           None.
                           187     ;
                           188     ; Error Handling:   None.
                           189     ;
                           190     ; Algorithms:       None.
                           191     ; Data Structures:  None.
                           192     ;
                           193     ; Registers Used:   None.
                           194     ; Stack Depth:      2 words and a NEAR call.
                           195     ;
                           196     ; Author:           Glen George, Archan Luhar
                           197     ; Last Modified:    Nov. 18, 2013
                           198     
001E                       199     Timer2EventHandler          PROC    NEAR
                           200     
001E 52                    201         PUSH DX
001F 50                    202         PUSH AX
                           203     
0020 E80000         E      204         CALL DisplayTimerEventHandler
0023 E80000         E      205         CALL SwitchesTimerEventHandler
                           206     
0026 BA22FF                207         MOV DX, INTCtrlrEOI             ; Send timer EOI
0029 B80800                208         MOV AX, TimerEOI
002C EE                    209         OUT DX, AL
                           210     
002D 58                    211         POP AX
002E 5A                    212         POP DX
002F CF                    213         IRET                            ; IRET must be used in interrupt handler
                           214     
                           215     Timer2EventHandler          ENDP
8086/87/88/186 MACRO ASSEMBLER    TIMER                                                    17:52:23  11/29/;3  PAGE    5


LOC  OBJ                  LINE     SOURCE

                           216     
                           217     
                           218     ; SetTimerInterrupts
                           219     ;
                           220     ; IMPORTANT NOTE:   CURRENLTY ONLY INITIALIZES TIMER 2.
                           221     ;
                           222     ; Description:      Initialize the 80188 Timers.  The timers are initialized
                           223     ;                   to generate interrupts every MS_PER_SEC milliseconds.
                           224     ;                   The interrupt controller is also initialized to allow the
                           225     ;                   timer interrupts.  Timer #2 is used to generate the
                           226     ;                   interrupts for the display handler.
                           227     ;
                           228     ; Operation:        The appropriate values are written to the timer control
                           229     ;                   registers in the PCB.  Also, the timer count registers
                           230     ;                   are reset to zero.  Finally, the interrupt controller is
                           231     ;                   setup to accept timer interrupts and any pending
                           232     ;                   interrupts are cleared by sending a TimerEOI to the
                           233     ;                   interrupt controller.
                           234     ;
                           235     ; Arguments:        None.
                           236     ; Return Value:     None.
                           237     ;
                           238     ; Local Variables:  None.
                           239     ; Shared Variables: None.
                           240     ; Global Variables: None.
                           241     ;
                           242     ; Input:            None.
                           243     ; Output:           None.
                           244     ;
                           245     ; Error Handling:   None.
                           246     ;
                           247     ; Algorithms:       None.
                           248     ; Data Structures:  None.
                           249     ;
                           250     ; Registers Used:   None.
                           251     ; Stack Depth:      2 words.
                           252     ;
                           253     ; Author:           Glen George, Archan Luhar
                           254     ; Last Modified:    Nov. 18, 2013
                           255     
0030                       256     SetTimerInterrupts          PROC    NEAR
                           257                                 PUBLIC  SetTimerInterrupts
                           258     
0030 50                    259             PUSH AX                     ; Save registers
0031 52                    260             PUSH DX
                           261     
0032 BA60FF                262             MOV     DX, Tmr2Count       ; Initialize the count register to 0
0035 33C0                  263             XOR     AX, AX
0037 EE                    264             OUT     DX, AL
                           265     
0038 BA62FF                266             MOV     DX, Tmr2MaxCnt      ; Setup max count for 1ms counts
003B B80009                267             MOV     AX, COUNTS_PER_MS
003E EE                    268             OUT     DX, AL
                           269     
003F BA66FF                270             MOV     DX, Tmr2Ctrl        ; Setup control register, enable interrupts
8086/87/88/186 MACRO ASSEMBLER    TIMER                                                    17:52:23  11/29/;3  PAGE    6


LOC  OBJ                  LINE     SOURCE

0042 B801E0                271             MOV     AX, Tmr2CtrlVal
0045 EE                    272             OUT     DX, AL
                           273                                         ; Initialize interrupt controller for timers
0046 BA32FF                274             MOV     DX, INTCtrlrCtrl    ; Setup the interrupt control register
0049 B80100                275             MOV     AX, INTCtrlrCVal
004C EE                    276             OUT     DX, AL
                           277     
004D BA22FF                278             MOV     DX, INTCtrlrEOI     ; Send a timer EOI (to clear out controller)
0050 B80800                279             MOV     AX, TimerEOI
0053 EE                    280             OUT     DX, AL
                           281             
0054 5A                    282             POP DX                      ; Restore registers
0055 58                    283             POP AX
                           284     
0056 C3                    285             RET
                           286     
                           287     SetTimerInterrupts          ENDP
                           288     
                           289     
----                       290     CODE ENDS
                           291         END

ASSEMBLY COMPLETE, NO ERRORS FOUND
